mode: set
github.com/itszeeshan/subdomainx/main.go:18.13,57.18 3 0
github.com/itszeeshan/subdomainx/main.go:57.18,61.3 3 0
github.com/itszeeshan/subdomainx/main.go:64.2,64.15 1 0
github.com/itszeeshan/subdomainx/main.go:64.15,67.3 2 0
github.com/itszeeshan/subdomainx/main.go:70.2,70.17 1 0
github.com/itszeeshan/subdomainx/main.go:70.17,73.3 2 0
github.com/itszeeshan/subdomainx/main.go:76.2,76.19 1 0
github.com/itszeeshan/subdomainx/main.go:76.19,78.63 2 0
github.com/itszeeshan/subdomainx/main.go:78.63,80.4 1 0
github.com/itszeeshan/subdomainx/main.go:81.3,81.9 1 0
github.com/itszeeshan/subdomainx/main.go:85.2,89.34 3 0
github.com/itszeeshan/subdomainx/main.go:89.34,93.3 3 0
github.com/itszeeshan/subdomainx/main.go:96.2,108.23 2 0
github.com/itszeeshan/subdomainx/main.go:108.23,110.17 2 0
github.com/itszeeshan/subdomainx/main.go:110.17,112.4 1 0
github.com/itszeeshan/subdomainx/main.go:114.3,114.34 1 0
github.com/itszeeshan/subdomainx/main.go:115.8,117.57 1 0
github.com/itszeeshan/subdomainx/main.go:117.57,119.4 1 0
github.com/itszeeshan/subdomainx/main.go:123.2,123.25 1 0
github.com/itszeeshan/subdomainx/main.go:123.25,125.3 1 0
github.com/itszeeshan/subdomainx/main.go:126.2,126.23 1 0
github.com/itszeeshan/subdomainx/main.go:126.23,128.3 1 0
github.com/itszeeshan/subdomainx/main.go:129.2,129.25 1 0
github.com/itszeeshan/subdomainx/main.go:129.25,131.3 1 0
github.com/itszeeshan/subdomainx/main.go:134.2,134.24 1 0
github.com/itszeeshan/subdomainx/main.go:134.24,136.3 1 0
github.com/itszeeshan/subdomainx/main.go:137.2,137.18 1 0
github.com/itszeeshan/subdomainx/main.go:137.18,139.3 1 0
github.com/itszeeshan/subdomainx/main.go:142.2,142.28 1 0
github.com/itszeeshan/subdomainx/main.go:142.28,144.3 1 0
github.com/itszeeshan/subdomainx/main.go:149.2,152.27 2 0
github.com/itszeeshan/subdomainx/main.go:152.27,167.3 13 0
github.com/itszeeshan/subdomainx/main.go:167.8,182.3 12 0
github.com/itszeeshan/subdomainx/main.go:185.2,185.46 1 0
github.com/itszeeshan/subdomainx/main.go:185.46,187.3 1 0
github.com/itszeeshan/subdomainx/main.go:190.2,190.57 1 0
github.com/itszeeshan/subdomainx/main.go:190.57,192.3 1 0
github.com/itszeeshan/subdomainx/main.go:195.2,199.16 3 0
github.com/itszeeshan/subdomainx/main.go:199.16,201.3 1 0
github.com/itszeeshan/subdomainx/main.go:204.2,205.24 2 0
github.com/itszeeshan/subdomainx/main.go:205.24,208.17 3 0
github.com/itszeeshan/subdomainx/main.go:208.17,210.4 1 0
github.com/itszeeshan/subdomainx/main.go:210.9,212.4 1 0
github.com/itszeeshan/subdomainx/main.go:216.2,217.23 2 0
github.com/itszeeshan/subdomainx/main.go:217.23,220.17 3 0
github.com/itszeeshan/subdomainx/main.go:220.17,222.4 1 0
github.com/itszeeshan/subdomainx/main.go:222.9,224.4 1 0
github.com/itszeeshan/subdomainx/main.go:228.2,228.80 1 0
github.com/itszeeshan/subdomainx/main.go:228.80,230.3 1 0
github.com/itszeeshan/subdomainx/main.go:232.2,232.66 1 0
github.com/itszeeshan/subdomainx/main.go:236.19,247.2 1 0
github.com/itszeeshan/subdomainx/main.go:250.18,322.2 1 0
github.com/itszeeshan/subdomainx/main.go:325.60,341.31 2 0
github.com/itszeeshan/subdomainx/main.go:341.31,343.3 1 0
github.com/itszeeshan/subdomainx/main.go:346.2,346.33 1 0
github.com/itszeeshan/subdomainx/main.go:346.33,348.3 1 0
github.com/itszeeshan/subdomainx/main.go:351.2,351.29 1 0
github.com/itszeeshan/subdomainx/main.go:351.29,353.3 1 0
github.com/itszeeshan/subdomainx/main.go:354.2,354.27 1 0
github.com/itszeeshan/subdomainx/main.go:354.27,356.3 1 0
github.com/itszeeshan/subdomainx/main.go:357.2,357.26 1 0
github.com/itszeeshan/subdomainx/main.go:357.26,359.3 1 0
github.com/itszeeshan/subdomainx/main.go:360.2,360.29 1 0
github.com/itszeeshan/subdomainx/main.go:360.29,362.3 1 0
github.com/itszeeshan/subdomainx/main.go:363.2,363.22 1 0
github.com/itszeeshan/subdomainx/main.go:363.22,365.3 1 0
github.com/itszeeshan/subdomainx/main.go:366.2,366.22 1 0
github.com/itszeeshan/subdomainx/main.go:366.22,368.3 1 0
github.com/itszeeshan/subdomainx/main.go:369.2,369.22 1 0
github.com/itszeeshan/subdomainx/main.go:369.22,371.3 1 0
github.com/itszeeshan/subdomainx/main.go:372.2,372.24 1 0
github.com/itszeeshan/subdomainx/main.go:372.24,374.3 1 0
github.com/itszeeshan/subdomainx/main.go:375.2,375.25 1 0
github.com/itszeeshan/subdomainx/main.go:375.25,377.3 1 0
github.com/itszeeshan/subdomainx/main.go:380.2,380.31 1 0
github.com/itszeeshan/subdomainx/main.go:380.31,382.3 1 0
github.com/itszeeshan/subdomainx/main.go:385.2,385.33 1 0
github.com/itszeeshan/subdomainx/main.go:385.33,387.3 1 0
github.com/itszeeshan/subdomainx/main.go:389.2,389.15 1 0
github.com/itszeeshan/subdomainx/main.go:393.49,395.41 1 0
github.com/itszeeshan/subdomainx/main.go:395.41,397.3 1 0
github.com/itszeeshan/subdomainx/main.go:400.2,400.61 1 0
github.com/itszeeshan/subdomainx/main.go:400.61,402.3 1 0
github.com/itszeeshan/subdomainx/main.go:405.2,410.37 2 0
github.com/itszeeshan/subdomainx/main.go:410.37,412.3 1 0
github.com/itszeeshan/subdomainx/main.go:415.2,415.22 1 0
github.com/itszeeshan/subdomainx/main.go:415.22,417.3 1 0
github.com/itszeeshan/subdomainx/main.go:420.2,420.21 1 0
github.com/itszeeshan/subdomainx/main.go:420.21,422.3 1 0
github.com/itszeeshan/subdomainx/main.go:425.2,425.22 1 0
github.com/itszeeshan/subdomainx/main.go:425.22,427.3 1 0
github.com/itszeeshan/subdomainx/main.go:430.2,430.24 1 0
github.com/itszeeshan/subdomainx/main.go:430.24,432.3 1 0
github.com/itszeeshan/subdomainx/main.go:435.2,435.59 1 0
github.com/itszeeshan/subdomainx/main.go:435.59,437.3 1 0
github.com/itszeeshan/subdomainx/main.go:439.2,439.12 1 0
github.com/itszeeshan/subdomainx/internal/enumerator/altdns.go:15.42,17.2 1 0
github.com/itszeeshan/subdomainx/internal/enumerator/altdns.go:19.135,31.16 7 0
github.com/itszeeshan/subdomainx/internal/enumerator/altdns.go:31.16,33.3 1 0
github.com/itszeeshan/subdomainx/internal/enumerator/altdns.go:36.2,39.29 3 0
github.com/itszeeshan/subdomainx/internal/enumerator/altdns.go:39.29,41.50 2 0
github.com/itszeeshan/subdomainx/internal/enumerator/altdns.go:41.50,45.4 2 0
github.com/itszeeshan/subdomainx/internal/enumerator/altdns.go:48.2,48.24 1 0
github.com/itszeeshan/subdomainx/internal/enumerator/altdns.go:51.13,53.2 1 0
github.com/itszeeshan/subdomainx/internal/enumerator/amass.go:16.41,18.2 1 0
github.com/itszeeshan/subdomainx/internal/enumerator/amass.go:20.134,32.24 2 0
github.com/itszeeshan/subdomainx/internal/enumerator/amass.go:32.24,34.3 1 0
github.com/itszeeshan/subdomainx/internal/enumerator/amass.go:37.2,41.16 3 0
github.com/itszeeshan/subdomainx/internal/enumerator/amass.go:41.16,43.47 1 0
github.com/itszeeshan/subdomainx/internal/enumerator/amass.go:43.47,46.4 2 0
github.com/itszeeshan/subdomainx/internal/enumerator/amass.go:47.3,47.60 1 0
github.com/itszeeshan/subdomainx/internal/enumerator/amass.go:51.2,54.29 3 0
github.com/itszeeshan/subdomainx/internal/enumerator/amass.go:54.29,56.17 2 0
github.com/itszeeshan/subdomainx/internal/enumerator/amass.go:56.17,57.12 1 0
github.com/itszeeshan/subdomainx/internal/enumerator/amass.go:60.3,64.63 2 0
github.com/itszeeshan/subdomainx/internal/enumerator/amass.go:64.63,66.12 1 0
github.com/itszeeshan/subdomainx/internal/enumerator/amass.go:69.3,69.66 1 0
github.com/itszeeshan/subdomainx/internal/enumerator/amass.go:69.66,72.4 1 0
github.com/itszeeshan/subdomainx/internal/enumerator/amass.go:75.2,75.24 1 0
github.com/itszeeshan/subdomainx/internal/enumerator/amass.go:78.13,80.2 1 0
github.com/itszeeshan/subdomainx/internal/enumerator/assetfinder.go:15.47,17.2 1 0
github.com/itszeeshan/subdomainx/internal/enumerator/assetfinder.go:19.140,26.16 4 0
github.com/itszeeshan/subdomainx/internal/enumerator/assetfinder.go:26.16,28.3 1 0
github.com/itszeeshan/subdomainx/internal/enumerator/assetfinder.go:31.2,34.29 3 0
github.com/itszeeshan/subdomainx/internal/enumerator/assetfinder.go:34.29,36.50 2 0
github.com/itszeeshan/subdomainx/internal/enumerator/assetfinder.go:36.50,40.4 2 0
github.com/itszeeshan/subdomainx/internal/enumerator/assetfinder.go:43.2,43.24 1 0
github.com/itszeeshan/subdomainx/internal/enumerator/assetfinder.go:46.13,48.2 1 0
github.com/itszeeshan/subdomainx/internal/enumerator/dnsrecon.go:15.44,17.2 1 0
github.com/itszeeshan/subdomainx/internal/enumerator/dnsrecon.go:19.137,26.16 4 0
github.com/itszeeshan/subdomainx/internal/enumerator/dnsrecon.go:26.16,28.3 1 0
github.com/itszeeshan/subdomainx/internal/enumerator/dnsrecon.go:31.2,34.29 3 0
github.com/itszeeshan/subdomainx/internal/enumerator/dnsrecon.go:34.29,36.50 2 0
github.com/itszeeshan/subdomainx/internal/enumerator/dnsrecon.go:36.50,40.4 2 0
github.com/itszeeshan/subdomainx/internal/enumerator/dnsrecon.go:43.2,43.24 1 0
github.com/itszeeshan/subdomainx/internal/enumerator/dnsrecon.go:46.13,48.2 1 0
github.com/itszeeshan/subdomainx/internal/enumerator/enumerator.go:23.39,25.2 1 0
github.com/itszeeshan/subdomainx/internal/enumerator/enumerator.go:27.89,30.16 2 0
github.com/itszeeshan/subdomainx/internal/enumerator/enumerator.go:30.16,32.3 1 0
github.com/itszeeshan/subdomainx/internal/enumerator/enumerator.go:35.2,36.44 2 0
github.com/itszeeshan/subdomainx/internal/enumerator/enumerator.go:36.44,37.59 1 0
github.com/itszeeshan/subdomainx/internal/enumerator/enumerator.go:37.59,39.4 1 0
github.com/itszeeshan/subdomainx/internal/enumerator/enumerator.go:39.9,39.67 1 0
github.com/itszeeshan/subdomainx/internal/enumerator/enumerator.go:39.67,41.4 1 0
github.com/itszeeshan/subdomainx/internal/enumerator/enumerator.go:44.2,44.36 1 0
github.com/itszeeshan/subdomainx/internal/enumerator/enumerator.go:44.36,46.3 1 0
github.com/itszeeshan/subdomainx/internal/enumerator/enumerator.go:48.2,50.41 3 0
github.com/itszeeshan/subdomainx/internal/enumerator/enumerator.go:50.41,52.3 1 0
github.com/itszeeshan/subdomainx/internal/enumerator/enumerator.go:53.2,57.24 3 0
github.com/itszeeshan/subdomainx/internal/enumerator/enumerator.go:57.24,59.3 1 0
github.com/itszeeshan/subdomainx/internal/enumerator/enumerator.go:60.2,68.33 5 0
github.com/itszeeshan/subdomainx/internal/enumerator/enumerator.go:68.33,69.54 1 0
github.com/itszeeshan/subdomainx/internal/enumerator/enumerator.go:69.54,71.53 2 0
github.com/itszeeshan/subdomainx/internal/enumerator/enumerator.go:71.53,75.61 2 0
github.com/itszeeshan/subdomainx/internal/enumerator/enumerator.go:75.61,77.6 1 0
github.com/itszeeshan/subdomainx/internal/enumerator/enumerator.go:79.5,79.19 1 0
github.com/itszeeshan/subdomainx/internal/enumerator/enumerator.go:79.19,82.6 2 0
github.com/itszeeshan/subdomainx/internal/enumerator/enumerator.go:84.5,87.42 2 0
github.com/itszeeshan/subdomainx/internal/enumerator/enumerator.go:87.42,89.6 1 0
github.com/itszeeshan/subdomainx/internal/enumerator/enumerator.go:95.2,95.12 1 0
github.com/itszeeshan/subdomainx/internal/enumerator/enumerator.go:95.12,98.3 2 0
github.com/itszeeshan/subdomainx/internal/enumerator/enumerator.go:101.2,102.39 2 0
github.com/itszeeshan/subdomainx/internal/enumerator/enumerator.go:102.39,104.3 1 0
github.com/itszeeshan/subdomainx/internal/enumerator/enumerator.go:106.2,110.42 3 0
github.com/itszeeshan/subdomainx/internal/enumerator/enumerator.go:110.42,118.3 2 0
github.com/itszeeshan/subdomainx/internal/enumerator/enumerator.go:120.2,120.26 1 0
github.com/itszeeshan/subdomainx/internal/enumerator/fierce.go:15.42,17.2 1 0
github.com/itszeeshan/subdomainx/internal/enumerator/fierce.go:19.135,26.16 4 0
github.com/itszeeshan/subdomainx/internal/enumerator/fierce.go:26.16,28.3 1 0
github.com/itszeeshan/subdomainx/internal/enumerator/fierce.go:31.2,34.29 3 0
github.com/itszeeshan/subdomainx/internal/enumerator/fierce.go:34.29,36.50 2 0
github.com/itszeeshan/subdomainx/internal/enumerator/fierce.go:36.50,40.4 2 0
github.com/itszeeshan/subdomainx/internal/enumerator/fierce.go:43.2,43.24 1 0
github.com/itszeeshan/subdomainx/internal/enumerator/fierce.go:46.13,48.2 1 0
github.com/itszeeshan/subdomainx/internal/enumerator/findomain.go:15.45,17.2 1 0
github.com/itszeeshan/subdomainx/internal/enumerator/findomain.go:19.138,26.16 4 0
github.com/itszeeshan/subdomainx/internal/enumerator/findomain.go:26.16,28.3 1 0
github.com/itszeeshan/subdomainx/internal/enumerator/findomain.go:31.2,34.29 3 0
github.com/itszeeshan/subdomainx/internal/enumerator/findomain.go:34.29,36.50 2 0
github.com/itszeeshan/subdomainx/internal/enumerator/findomain.go:36.50,40.4 2 0
github.com/itszeeshan/subdomainx/internal/enumerator/findomain.go:43.2,43.24 1 0
github.com/itszeeshan/subdomainx/internal/enumerator/findomain.go:46.13,48.2 1 0
github.com/itszeeshan/subdomainx/internal/enumerator/knockpy.go:15.43,17.2 1 0
github.com/itszeeshan/subdomainx/internal/enumerator/knockpy.go:19.136,26.16 4 0
github.com/itszeeshan/subdomainx/internal/enumerator/knockpy.go:26.16,28.3 1 0
github.com/itszeeshan/subdomainx/internal/enumerator/knockpy.go:31.2,34.29 3 0
github.com/itszeeshan/subdomainx/internal/enumerator/knockpy.go:34.29,36.50 2 0
github.com/itszeeshan/subdomainx/internal/enumerator/knockpy.go:36.50,40.4 2 0
github.com/itszeeshan/subdomainx/internal/enumerator/knockpy.go:43.2,43.24 1 0
github.com/itszeeshan/subdomainx/internal/enumerator/knockpy.go:46.13,48.2 1 0
github.com/itszeeshan/subdomainx/internal/enumerator/massdns.go:16.43,18.2 1 0
github.com/itszeeshan/subdomainx/internal/enumerator/massdns.go:20.136,28.24 4 0
github.com/itszeeshan/subdomainx/internal/enumerator/massdns.go:28.24,31.17 2 0
github.com/itszeeshan/subdomainx/internal/enumerator/massdns.go:31.17,33.4 1 0
github.com/itszeeshan/subdomainx/internal/enumerator/massdns.go:35.3,35.30 1 0
github.com/itszeeshan/subdomainx/internal/enumerator/massdns.go:35.30,38.4 2 0
github.com/itszeeshan/subdomainx/internal/enumerator/massdns.go:39.8,42.36 2 0
github.com/itszeeshan/subdomainx/internal/enumerator/massdns.go:42.36,45.4 2 0
github.com/itszeeshan/subdomainx/internal/enumerator/massdns.go:49.2,53.16 4 0
github.com/itszeeshan/subdomainx/internal/enumerator/massdns.go:53.16,55.3 1 0
github.com/itszeeshan/subdomainx/internal/enumerator/massdns.go:58.2,61.29 3 0
github.com/itszeeshan/subdomainx/internal/enumerator/massdns.go:61.29,63.17 2 0
github.com/itszeeshan/subdomainx/internal/enumerator/massdns.go:63.17,66.42 2 0
github.com/itszeeshan/subdomainx/internal/enumerator/massdns.go:66.42,73.5 4 0
github.com/itszeeshan/subdomainx/internal/enumerator/massdns.go:77.2,77.21 1 0
github.com/itszeeshan/subdomainx/internal/enumerator/massdns.go:80.13,82.2 1 0
github.com/itszeeshan/subdomainx/internal/enumerator/subfinder.go:15.45,17.2 1 0
github.com/itszeeshan/subdomainx/internal/enumerator/subfinder.go:19.138,22.24 2 0
github.com/itszeeshan/subdomainx/internal/enumerator/subfinder.go:22.24,24.3 1 0
github.com/itszeeshan/subdomainx/internal/enumerator/subfinder.go:26.2,29.16 3 0
github.com/itszeeshan/subdomainx/internal/enumerator/subfinder.go:29.16,31.3 1 0
github.com/itszeeshan/subdomainx/internal/enumerator/subfinder.go:34.2,37.29 3 0
github.com/itszeeshan/subdomainx/internal/enumerator/subfinder.go:37.29,39.17 2 0
github.com/itszeeshan/subdomainx/internal/enumerator/subfinder.go:39.17,42.4 1 0
github.com/itszeeshan/subdomainx/internal/enumerator/subfinder.go:45.2,45.24 1 0
github.com/itszeeshan/subdomainx/internal/enumerator/subfinder.go:48.13,50.2 1 0
github.com/itszeeshan/subdomainx/internal/enumerator/sublist3r.go:15.45,17.2 1 0
github.com/itszeeshan/subdomainx/internal/enumerator/sublist3r.go:19.138,26.16 4 0
github.com/itszeeshan/subdomainx/internal/enumerator/sublist3r.go:26.16,28.3 1 0
github.com/itszeeshan/subdomainx/internal/enumerator/sublist3r.go:31.2,34.29 3 0
github.com/itszeeshan/subdomainx/internal/enumerator/sublist3r.go:34.29,36.50 2 0
github.com/itszeeshan/subdomainx/internal/enumerator/sublist3r.go:36.50,40.4 2 0
github.com/itszeeshan/subdomainx/internal/enumerator/sublist3r.go:43.2,43.24 1 0
github.com/itszeeshan/subdomainx/internal/enumerator/sublist3r.go:46.13,48.2 1 0
github.com/itszeeshan/subdomainx/internal/scanner/httpx.go:16.38,18.2 1 0
github.com/itszeeshan/subdomainx/internal/scanner/httpx.go:20.116,21.23 1 0
github.com/itszeeshan/subdomainx/internal/scanner/httpx.go:21.23,23.3 1 0
github.com/itszeeshan/subdomainx/internal/scanner/httpx.go:26.2,42.16 6 0
github.com/itszeeshan/subdomainx/internal/scanner/httpx.go:42.16,44.47 1 0
github.com/itszeeshan/subdomainx/internal/scanner/httpx.go:44.47,47.4 2 0
github.com/itszeeshan/subdomainx/internal/scanner/httpx.go:48.3,48.60 1 0
github.com/itszeeshan/subdomainx/internal/scanner/httpx.go:52.2,55.29 3 0
github.com/itszeeshan/subdomainx/internal/scanner/httpx.go:55.29,57.17 2 0
github.com/itszeeshan/subdomainx/internal/scanner/httpx.go:57.17,58.12 1 0
github.com/itszeeshan/subdomainx/internal/scanner/httpx.go:62.3,70.68 2 0
github.com/itszeeshan/subdomainx/internal/scanner/httpx.go:70.68,71.12 1 0
github.com/itszeeshan/subdomainx/internal/scanner/httpx.go:74.3,82.36 2 0
github.com/itszeeshan/subdomainx/internal/scanner/httpx.go:85.2,85.21 1 0
github.com/itszeeshan/subdomainx/internal/scanner/httpx.go:88.13,90.2 1 0
github.com/itszeeshan/subdomainx/internal/scanner/scanner.go:32.33,34.2 1 0
github.com/itszeeshan/subdomainx/internal/scanner/scanner.go:37.41,39.2 1 0
github.com/itszeeshan/subdomainx/internal/scanner/scanner.go:42.99,43.26 1 0
github.com/itszeeshan/subdomainx/internal/scanner/scanner.go:43.26,45.3 1 0
github.com/itszeeshan/subdomainx/internal/scanner/scanner.go:48.2,49.39 2 0
github.com/itszeeshan/subdomainx/internal/scanner/scanner.go:49.39,52.3 2 0
github.com/itszeeshan/subdomainx/internal/scanner/scanner.go:55.2,55.55 1 0
github.com/itszeeshan/subdomainx/internal/scanner/scanner.go:55.55,57.3 1 0
github.com/itszeeshan/subdomainx/internal/scanner/scanner.go:60.2,73.27 8 0
github.com/itszeeshan/subdomainx/internal/scanner/scanner.go:73.27,75.22 2 0
github.com/itszeeshan/subdomainx/internal/scanner/scanner.go:75.22,79.64 2 0
github.com/itszeeshan/subdomainx/internal/scanner/scanner.go:79.64,81.5 1 0
github.com/itszeeshan/subdomainx/internal/scanner/scanner.go:83.4,83.18 1 0
github.com/itszeeshan/subdomainx/internal/scanner/scanner.go:83.18,86.5 2 0
github.com/itszeeshan/subdomainx/internal/scanner/scanner.go:89.4,89.44 1 0
github.com/itszeeshan/subdomainx/internal/scanner/scanner.go:89.44,91.5 1 0
github.com/itszeeshan/subdomainx/internal/scanner/scanner.go:96.2,96.12 1 0
github.com/itszeeshan/subdomainx/internal/scanner/scanner.go:96.12,100.3 3 0
github.com/itszeeshan/subdomainx/internal/scanner/scanner.go:103.2,104.30 2 0
github.com/itszeeshan/subdomainx/internal/scanner/scanner.go:104.30,106.3 1 0
github.com/itszeeshan/subdomainx/internal/scanner/scanner.go:109.2,109.26 1 0
github.com/itszeeshan/subdomainx/internal/scanner/scanner.go:109.26,111.3 1 0
github.com/itszeeshan/subdomainx/internal/scanner/scanner.go:113.2,113.25 1 0
github.com/itszeeshan/subdomainx/internal/scanner/scanner.go:117.98,118.26 1 0
github.com/itszeeshan/subdomainx/internal/scanner/scanner.go:118.26,120.3 1 0
github.com/itszeeshan/subdomainx/internal/scanner/scanner.go:123.2,124.39 2 0
github.com/itszeeshan/subdomainx/internal/scanner/scanner.go:124.39,126.3 1 0
github.com/itszeeshan/subdomainx/internal/scanner/scanner.go:128.2,129.26 2 0
github.com/itszeeshan/subdomainx/internal/scanner/scanner.go:129.26,131.3 1 0
github.com/itszeeshan/subdomainx/internal/scanner/scanner.go:134.2,134.57 1 0
github.com/itszeeshan/subdomainx/internal/scanner/scanner.go:134.57,136.3 1 0
github.com/itszeeshan/subdomainx/internal/scanner/scanner.go:139.2,152.35 8 0
github.com/itszeeshan/subdomainx/internal/scanner/scanner.go:152.35,154.22 2 0
github.com/itszeeshan/subdomainx/internal/scanner/scanner.go:154.22,158.64 2 0
github.com/itszeeshan/subdomainx/internal/scanner/scanner.go:158.64,160.5 1 0
github.com/itszeeshan/subdomainx/internal/scanner/scanner.go:162.4,162.18 1 0
github.com/itszeeshan/subdomainx/internal/scanner/scanner.go:162.18,165.5 2 0
github.com/itszeeshan/subdomainx/internal/scanner/scanner.go:168.4,168.44 1 0
github.com/itszeeshan/subdomainx/internal/scanner/scanner.go:168.44,170.5 1 0
github.com/itszeeshan/subdomainx/internal/scanner/scanner.go:175.2,175.12 1 0
github.com/itszeeshan/subdomainx/internal/scanner/scanner.go:175.12,179.3 3 0
github.com/itszeeshan/subdomainx/internal/scanner/scanner.go:182.2,183.30 2 0
github.com/itszeeshan/subdomainx/internal/scanner/scanner.go:183.30,185.3 1 0
github.com/itszeeshan/subdomainx/internal/scanner/scanner.go:188.2,188.26 1 0
github.com/itszeeshan/subdomainx/internal/scanner/scanner.go:188.26,190.3 1 0
github.com/itszeeshan/subdomainx/internal/scanner/scanner.go:192.2,192.25 1 0
github.com/itszeeshan/subdomainx/internal/scanner/scanner.go:196.80,198.63 1 0
github.com/itszeeshan/subdomainx/internal/scanner/scanner.go:198.63,202.3 1 0
github.com/itszeeshan/subdomainx/internal/scanner/scanner.go:204.2,204.13 1 0
github.com/itszeeshan/subdomainx/internal/scanner/scanner.go:208.80,210.51 1 0
github.com/itszeeshan/subdomainx/internal/scanner/scanner.go:210.51,214.3 1 0
github.com/itszeeshan/subdomainx/internal/scanner/scanner.go:216.2,216.13 1 0
github.com/itszeeshan/subdomainx/internal/scanner/scanner.go:220.94,226.16 3 0
github.com/itszeeshan/subdomainx/internal/scanner/scanner.go:226.16,228.3 1 0
github.com/itszeeshan/subdomainx/internal/scanner/scanner.go:231.2,234.16 3 0
github.com/itszeeshan/subdomainx/internal/scanner/scanner.go:234.16,236.3 1 0
github.com/itszeeshan/subdomainx/internal/scanner/scanner.go:237.2,251.8 4 0
github.com/itszeeshan/subdomainx/internal/scanner/scanner.go:255.96,263.35 3 0
github.com/itszeeshan/subdomainx/internal/scanner/scanner.go:263.35,264.10 1 0
github.com/itszeeshan/subdomainx/internal/scanner/scanner.go:265.21,266.40 1 0
github.com/itszeeshan/subdomainx/internal/scanner/scanner.go:267.11,269.30 1 0
github.com/itszeeshan/subdomainx/internal/scanner/scanner.go:269.30,277.5 1 0
github.com/itszeeshan/subdomainx/internal/scanner/scanner.go:281.2,285.8 1 0
github.com/itszeeshan/subdomainx/internal/scanner/scanner.go:289.47,293.2 1 0
github.com/itszeeshan/subdomainx/internal/scanner/scanner.go:296.56,300.55 2 0
github.com/itszeeshan/subdomainx/internal/scanner/scanner.go:300.55,302.3 1 0
github.com/itszeeshan/subdomainx/internal/scanner/scanner.go:304.2,304.67 1 0
github.com/itszeeshan/subdomainx/internal/scanner/scanner.go:304.67,306.3 1 0
github.com/itszeeshan/subdomainx/internal/scanner/scanner.go:308.2,308.21 1 0
github.com/itszeeshan/subdomainx/internal/scanner/scanner.go:312.45,315.16 2 0
github.com/itszeeshan/subdomainx/internal/scanner/scanner.go:315.16,317.3 1 0
github.com/itszeeshan/subdomainx/internal/scanner/scanner.go:318.2,319.13 2 0
github.com/itszeeshan/subdomainx/internal/scanner/scanner.go:323.38,340.47 2 0
github.com/itszeeshan/subdomainx/internal/scanner/scanner.go:340.47,342.3 1 0
github.com/itszeeshan/subdomainx/internal/scanner/scanner.go:343.2,343.18 1 0
github.com/itszeeshan/subdomainx/internal/scanner/smap.go:16.37,18.2 1 0
github.com/itszeeshan/subdomainx/internal/scanner/smap.go:20.115,21.23 1 0
github.com/itszeeshan/subdomainx/internal/scanner/smap.go:21.23,23.3 1 0
github.com/itszeeshan/subdomainx/internal/scanner/smap.go:26.2,38.16 6 0
github.com/itszeeshan/subdomainx/internal/scanner/smap.go:38.16,40.47 1 0
github.com/itszeeshan/subdomainx/internal/scanner/smap.go:40.47,43.4 2 0
github.com/itszeeshan/subdomainx/internal/scanner/smap.go:44.3,44.59 1 0
github.com/itszeeshan/subdomainx/internal/scanner/smap.go:48.2,51.29 3 0
github.com/itszeeshan/subdomainx/internal/scanner/smap.go:51.29,53.17 2 0
github.com/itszeeshan/subdomainx/internal/scanner/smap.go:53.17,54.12 1 0
github.com/itszeeshan/subdomainx/internal/scanner/smap.go:58.3,70.67 2 0
github.com/itszeeshan/subdomainx/internal/scanner/smap.go:70.67,71.12 1 0
github.com/itszeeshan/subdomainx/internal/scanner/smap.go:75.3,76.41 2 0
github.com/itszeeshan/subdomainx/internal/scanner/smap.go:76.41,84.4 1 0
github.com/itszeeshan/subdomainx/internal/scanner/smap.go:86.3,92.40 2 0
github.com/itszeeshan/subdomainx/internal/scanner/smap.go:95.2,95.21 1 0
github.com/itszeeshan/subdomainx/internal/scanner/smap.go:98.13,100.2 1 0
github.com/itszeeshan/subdomainx/internal/cache/dns_cache.go:19.30,23.2 1 1
github.com/itszeeshan/subdomainx/internal/cache/dns_cache.go:25.55,33.2 3 1
github.com/itszeeshan/subdomainx/internal/cache/dns_cache.go:35.51,39.46 3 1
github.com/itszeeshan/subdomainx/internal/cache/dns_cache.go:39.46,41.3 1 1
github.com/itszeeshan/subdomainx/internal/cache/dns_cache.go:43.2,43.12 1 1
github.com/itszeeshan/subdomainx/internal/cache/dns_cache.go:47.52,49.41 1 1
github.com/itszeeshan/subdomainx/internal/cache/dns_cache.go:49.41,51.3 1 1
github.com/itszeeshan/subdomainx/internal/cache/dns_cache.go:54.2,55.16 2 1
github.com/itszeeshan/subdomainx/internal/cache/dns_cache.go:55.16,59.3 2 1
github.com/itszeeshan/subdomainx/internal/cache/dns_cache.go:62.2,63.25 2 1
github.com/itszeeshan/subdomainx/internal/cache/dns_cache.go:63.25,65.3 1 1
github.com/itszeeshan/subdomainx/internal/cache/dns_cache.go:68.2,69.18 2 1
github.com/itszeeshan/subdomainx/internal/cache/dns_cache.go:72.50,77.37 4 1
github.com/itszeeshan/subdomainx/internal/cache/dns_cache.go:77.37,78.40 1 1
github.com/itszeeshan/subdomainx/internal/cache/dns_cache.go:78.40,80.4 1 1
github.com/itszeeshan/subdomainx/internal/config/config.go:25.36,27.2 1 1
github.com/itszeeshan/subdomainx/internal/config/config.go:29.61,44.47 2 1
github.com/itszeeshan/subdomainx/internal/config/config.go:44.47,46.17 2 1
github.com/itszeeshan/subdomainx/internal/config/config.go:46.17,48.4 1 1
github.com/itszeeshan/subdomainx/internal/config/config.go:50.3,50.51 1 1
github.com/itszeeshan/subdomainx/internal/config/config.go:50.51,52.4 1 1
github.com/itszeeshan/subdomainx/internal/config/config.go:55.2,55.17 1 1
github.com/itszeeshan/subdomainx/internal/config/config.go:58.31,60.16 2 1
github.com/itszeeshan/subdomainx/internal/config/config.go:60.16,62.3 1 0
github.com/itszeeshan/subdomainx/internal/config/config.go:64.2,65.61 2 1
github.com/itszeeshan/subdomainx/internal/config/config.go:65.61,67.3 1 1
github.com/itszeeshan/subdomainx/internal/config/config.go:69.2,69.12 1 1
github.com/itszeeshan/subdomainx/internal/output/html_formatter.go:15.67,17.16 2 1
github.com/itszeeshan/subdomainx/internal/output/html_formatter.go:17.16,19.3 1 0
github.com/itszeeshan/subdomainx/internal/output/html_formatter.go:20.2,32.27 5 1
github.com/itszeeshan/subdomainx/internal/output/html_formatter.go:32.27,34.3 1 1
github.com/itszeeshan/subdomainx/internal/output/html_formatter.go:37.2,37.28 1 1
github.com/itszeeshan/subdomainx/internal/output/html_formatter.go:37.28,39.3 1 1
github.com/itszeeshan/subdomainx/internal/output/html_formatter.go:42.2,45.12 3 1
github.com/itszeeshan/subdomainx/internal/output/html_formatter.go:48.34,212.2 1 1
github.com/itszeeshan/subdomainx/internal/output/html_formatter.go:214.64,233.2 1 1
github.com/itszeeshan/subdomainx/internal/output/html_formatter.go:235.75,236.26 1 1
github.com/itszeeshan/subdomainx/internal/output/html_formatter.go:236.26,242.3 1 0
github.com/itszeeshan/subdomainx/internal/output/html_formatter.go:245.2,246.39 2 1
github.com/itszeeshan/subdomainx/internal/output/html_formatter.go:246.39,248.16 2 1
github.com/itszeeshan/subdomainx/internal/output/html_formatter.go:248.16,250.4 1 0
github.com/itszeeshan/subdomainx/internal/output/html_formatter.go:251.3,253.27 2 1
github.com/itszeeshan/subdomainx/internal/output/html_formatter.go:255.2,326.13 3 1
github.com/itszeeshan/subdomainx/internal/output/html_formatter.go:329.65,330.27 1 1
github.com/itszeeshan/subdomainx/internal/output/html_formatter.go:330.27,336.3 1 0
github.com/itszeeshan/subdomainx/internal/output/html_formatter.go:339.2,340.37 2 1
github.com/itszeeshan/subdomainx/internal/output/html_formatter.go:340.37,343.25 3 1
github.com/itszeeshan/subdomainx/internal/output/html_formatter.go:343.25,345.4 1 1
github.com/itszeeshan/subdomainx/internal/output/html_formatter.go:346.3,348.27 2 1
github.com/itszeeshan/subdomainx/internal/output/html_formatter.go:350.2,423.13 3 1
github.com/itszeeshan/subdomainx/internal/output/html_formatter.go:426.66,427.27 1 1
github.com/itszeeshan/subdomainx/internal/output/html_formatter.go:427.27,433.3 1 0
github.com/itszeeshan/subdomainx/internal/output/html_formatter.go:436.2,437.37 2 1
github.com/itszeeshan/subdomainx/internal/output/html_formatter.go:437.37,438.37 1 1
github.com/itszeeshan/subdomainx/internal/output/html_formatter.go:438.37,442.4 2 1
github.com/itszeeshan/subdomainx/internal/output/html_formatter.go:444.2,521.13 3 1
github.com/itszeeshan/subdomainx/internal/output/html_formatter.go:524.34,533.2 1 1
github.com/itszeeshan/subdomainx/internal/output/json_formatter.go:11.57,13.16 2 1
github.com/itszeeshan/subdomainx/internal/output/json_formatter.go:13.16,15.3 1 0
github.com/itszeeshan/subdomainx/internal/output/json_formatter.go:16.2,20.29 4 1
github.com/itszeeshan/subdomainx/internal/output/json_formatter.go:24.84,26.2 1 0
github.com/itszeeshan/subdomainx/internal/output/json_formatter.go:29.75,31.2 1 0
github.com/itszeeshan/subdomainx/internal/output/json_formatter.go:34.76,36.2 1 0
github.com/itszeeshan/subdomainx/internal/output/json_formatter.go:39.78,41.2 1 0
github.com/itszeeshan/subdomainx/internal/output/output.go:12.147,21.26 2 1
github.com/itszeeshan/subdomainx/internal/output/output.go:22.14,23.36 1 1
github.com/itszeeshan/subdomainx/internal/output/output.go:24.13,25.35 1 1
github.com/itszeeshan/subdomainx/internal/output/output.go:26.14,27.36 1 1
github.com/itszeeshan/subdomainx/internal/output/output.go:28.10,29.71 1 1
github.com/itszeeshan/subdomainx/internal/output/output.go:34.73,37.53 2 1
github.com/itszeeshan/subdomainx/internal/output/output.go:37.53,39.3 1 0
github.com/itszeeshan/subdomainx/internal/output/output.go:42.2,43.70 2 1
github.com/itszeeshan/subdomainx/internal/output/output.go:43.70,45.3 1 0
github.com/itszeeshan/subdomainx/internal/output/output.go:48.2,48.27 1 1
github.com/itszeeshan/subdomainx/internal/output/output.go:48.27,50.59 2 1
github.com/itszeeshan/subdomainx/internal/output/output.go:50.59,52.4 1 0
github.com/itszeeshan/subdomainx/internal/output/output.go:56.2,56.28 1 1
github.com/itszeeshan/subdomainx/internal/output/output.go:56.28,58.61 2 1
github.com/itszeeshan/subdomainx/internal/output/output.go:58.61,60.4 1 0
github.com/itszeeshan/subdomainx/internal/output/output.go:63.2,63.12 1 1
github.com/itszeeshan/subdomainx/internal/output/output.go:67.72,70.69 2 1
github.com/itszeeshan/subdomainx/internal/output/output.go:70.69,72.3 1 0
github.com/itszeeshan/subdomainx/internal/output/output.go:75.2,75.27 1 1
github.com/itszeeshan/subdomainx/internal/output/output.go:75.27,77.62 2 1
github.com/itszeeshan/subdomainx/internal/output/output.go:77.62,79.4 1 0
github.com/itszeeshan/subdomainx/internal/output/output.go:83.2,83.28 1 1
github.com/itszeeshan/subdomainx/internal/output/output.go:83.28,85.65 2 1
github.com/itszeeshan/subdomainx/internal/output/output.go:85.65,87.4 1 0
github.com/itszeeshan/subdomainx/internal/output/output.go:90.2,90.12 1 1
github.com/itszeeshan/subdomainx/internal/output/output.go:94.73,97.53 2 1
github.com/itszeeshan/subdomainx/internal/output/output.go:97.53,99.3 1 0
github.com/itszeeshan/subdomainx/internal/output/output.go:101.2,101.12 1 1
github.com/itszeeshan/subdomainx/internal/output/txt_formatter.go:12.74,14.16 2 1
github.com/itszeeshan/subdomainx/internal/output/txt_formatter.go:14.16,16.3 1 0
github.com/itszeeshan/subdomainx/internal/output/txt_formatter.go:17.2,19.39 2 1
github.com/itszeeshan/subdomainx/internal/output/txt_formatter.go:19.39,20.68 1 1
github.com/itszeeshan/subdomainx/internal/output/txt_formatter.go:20.68,22.4 1 0
github.com/itszeeshan/subdomainx/internal/output/txt_formatter.go:25.2,25.12 1 1
github.com/itszeeshan/subdomainx/internal/output/txt_formatter.go:29.74,31.16 2 1
github.com/itszeeshan/subdomainx/internal/output/txt_formatter.go:31.16,33.3 1 0
github.com/itszeeshan/subdomainx/internal/output/txt_formatter.go:34.2,37.103 2 1
github.com/itszeeshan/subdomainx/internal/output/txt_formatter.go:37.103,39.3 1 0
github.com/itszeeshan/subdomainx/internal/output/txt_formatter.go:41.2,41.37 1 1
github.com/itszeeshan/subdomainx/internal/output/txt_formatter.go:41.37,44.97 2 1
github.com/itszeeshan/subdomainx/internal/output/txt_formatter.go:44.97,46.4 1 0
github.com/itszeeshan/subdomainx/internal/output/txt_formatter.go:49.2,49.12 1 1
github.com/itszeeshan/subdomainx/internal/output/txt_formatter.go:53.75,55.16 2 1
github.com/itszeeshan/subdomainx/internal/output/txt_formatter.go:55.16,57.3 1 0
github.com/itszeeshan/subdomainx/internal/output/txt_formatter.go:58.2,61.99 2 1
github.com/itszeeshan/subdomainx/internal/output/txt_formatter.go:61.99,63.3 1 0
github.com/itszeeshan/subdomainx/internal/output/txt_formatter.go:65.2,65.37 1 1
github.com/itszeeshan/subdomainx/internal/output/txt_formatter.go:65.37,66.37 1 1
github.com/itszeeshan/subdomainx/internal/output/txt_formatter.go:66.37,68.109 1 1
github.com/itszeeshan/subdomainx/internal/output/txt_formatter.go:68.109,70.5 1 0
github.com/itszeeshan/subdomainx/internal/output/txt_formatter.go:74.2,74.12 1 1
github.com/itszeeshan/subdomainx/internal/output/txt_formatter.go:78.85,80.16 2 0
github.com/itszeeshan/subdomainx/internal/output/txt_formatter.go:80.16,82.3 1 0
github.com/itszeeshan/subdomainx/internal/output/txt_formatter.go:83.2,85.39 2 0
github.com/itszeeshan/subdomainx/internal/output/txt_formatter.go:85.39,86.68 1 0
github.com/itszeeshan/subdomainx/internal/output/txt_formatter.go:86.68,88.4 1 0
github.com/itszeeshan/subdomainx/internal/output/txt_formatter.go:91.2,91.12 1 0
github.com/itszeeshan/subdomainx/internal/utils/concurrency.go:21.56,25.19 3 0
github.com/itszeeshan/subdomainx/internal/utils/concurrency.go:25.19,27.3 1 0
github.com/itszeeshan/subdomainx/internal/utils/concurrency.go:29.2,39.13 3 0
github.com/itszeeshan/subdomainx/internal/utils/concurrency.go:43.31,44.34 1 0
github.com/itszeeshan/subdomainx/internal/utils/concurrency.go:44.34,47.3 2 0
github.com/itszeeshan/subdomainx/internal/utils/concurrency.go:51.32,54.6 2 0
github.com/itszeeshan/subdomainx/internal/utils/concurrency.go:54.6,55.10 1 0
github.com/itszeeshan/subdomainx/internal/utils/concurrency.go:56.32,57.11 1 0
github.com/itszeeshan/subdomainx/internal/utils/concurrency.go:57.11,59.5 1 0
github.com/itszeeshan/subdomainx/internal/utils/concurrency.go:62.4,62.29 1 0
github.com/itszeeshan/subdomainx/internal/utils/concurrency.go:62.29,64.5 1 0
github.com/itszeeshan/subdomainx/internal/utils/concurrency.go:66.4,66.9 1 0
github.com/itszeeshan/subdomainx/internal/utils/concurrency.go:68.24,69.10 1 0
github.com/itszeeshan/subdomainx/internal/utils/concurrency.go:75.42,76.9 1 0
github.com/itszeeshan/subdomainx/internal/utils/concurrency.go:77.25,77.25 0 0
github.com/itszeeshan/subdomainx/internal/utils/concurrency.go:78.23,78.23 0 0
github.com/itszeeshan/subdomainx/internal/utils/concurrency.go:83.30,86.2 2 0
github.com/itszeeshan/subdomainx/internal/utils/concurrency.go:89.30,91.27 2 0
github.com/itszeeshan/subdomainx/internal/utils/concurrency.go:91.27,93.3 1 0
github.com/itszeeshan/subdomainx/internal/utils/concurrency.go:102.44,106.2 1 0
github.com/itszeeshan/subdomainx/internal/utils/concurrency.go:109.31,111.2 1 0
github.com/itszeeshan/subdomainx/internal/utils/concurrency.go:114.31,116.2 1 0
github.com/itszeeshan/subdomainx/internal/utils/concurrency.go:119.39,120.9 1 0
github.com/itszeeshan/subdomainx/internal/utils/concurrency.go:121.27,122.14 1 0
github.com/itszeeshan/subdomainx/internal/utils/concurrency.go:123.10,124.15 1 0
github.com/itszeeshan/subdomainx/internal/utils/concurrency.go:135.44,136.15 1 0
github.com/itszeeshan/subdomainx/internal/utils/concurrency.go:136.15,138.3 1 0
github.com/itszeeshan/subdomainx/internal/utils/concurrency.go:140.2,143.3 1 0
github.com/itszeeshan/subdomainx/internal/utils/concurrency.go:147.31,148.22 1 0
github.com/itszeeshan/subdomainx/internal/utils/concurrency.go:148.22,150.3 1 0
github.com/itszeeshan/subdomainx/internal/utils/concurrency.go:154.31,155.22 1 0
github.com/itszeeshan/subdomainx/internal/utils/concurrency.go:155.22,158.3 2 0
github.com/itszeeshan/subdomainx/internal/utils/fileutils.go:11.51,13.16 2 1
github.com/itszeeshan/subdomainx/internal/utils/fileutils.go:13.16,15.3 1 1
github.com/itszeeshan/subdomainx/internal/utils/fileutils.go:16.2,20.21 4 1
github.com/itszeeshan/subdomainx/internal/utils/fileutils.go:20.21,22.50 2 1
github.com/itszeeshan/subdomainx/internal/utils/fileutils.go:22.50,24.4 1 1
github.com/itszeeshan/subdomainx/internal/utils/fileutils.go:27.2,27.38 1 1
github.com/itszeeshan/subdomainx/internal/utils/fileutils.go:27.38,29.3 1 0
github.com/itszeeshan/subdomainx/internal/utils/fileutils.go:31.2,31.19 1 1
github.com/itszeeshan/subdomainx/internal/utils/fileutils.go:35.56,38.47 2 1
github.com/itszeeshan/subdomainx/internal/utils/fileutils.go:38.47,40.3 1 0
github.com/itszeeshan/subdomainx/internal/utils/fileutils.go:42.2,43.16 2 1
github.com/itszeeshan/subdomainx/internal/utils/fileutils.go:43.16,45.3 1 0
github.com/itszeeshan/subdomainx/internal/utils/fileutils.go:46.2,49.29 3 1
github.com/itszeeshan/subdomainx/internal/utils/fileutils.go:49.29,50.60 1 1
github.com/itszeeshan/subdomainx/internal/utils/fileutils.go:50.60,52.4 1 0
github.com/itszeeshan/subdomainx/internal/utils/fileutils.go:55.2,55.23 1 1
github.com/itszeeshan/subdomainx/internal/utils/fileutils.go:59.39,62.2 2 1
github.com/itszeeshan/subdomainx/internal/utils/fileutils.go:65.40,67.2 1 1
github.com/itszeeshan/subdomainx/internal/utils/retry.go:8.78,12.31 3 1
github.com/itszeeshan/subdomainx/internal/utils/retry.go:12.31,14.19 2 1
github.com/itszeeshan/subdomainx/internal/utils/retry.go:14.19,16.4 1 1
github.com/itszeeshan/subdomainx/internal/utils/retry.go:17.3,21.51 3 1
github.com/itszeeshan/subdomainx/internal/utils/retry.go:21.51,23.4 1 0
github.com/itszeeshan/subdomainx/internal/utils/retry.go:25.3,25.22 1 1
github.com/itszeeshan/subdomainx/internal/utils/retry.go:28.2,28.63 1 1
github.com/itszeeshan/subdomainx/internal/utils/tools.go:22.32,157.2 1 0
github.com/itszeeshan/subdomainx/internal/utils/tools.go:160.50,163.2 2 0
github.com/itszeeshan/subdomainx/internal/utils/tools.go:166.39,170.29 3 0
github.com/itszeeshan/subdomainx/internal/utils/tools.go:170.29,171.42 1 0
github.com/itszeeshan/subdomainx/internal/utils/tools.go:171.42,173.4 1 0
github.com/itszeeshan/subdomainx/internal/utils/tools.go:173.9,175.4 1 0
github.com/itszeeshan/subdomainx/internal/utils/tools.go:178.2,178.27 1 0
github.com/itszeeshan/subdomainx/internal/utils/tools.go:182.56,183.28 1 0
github.com/itszeeshan/subdomainx/internal/utils/tools.go:183.28,186.3 2 0
github.com/itszeeshan/subdomainx/internal/utils/tools.go:188.2,190.36 2 0
github.com/itszeeshan/subdomainx/internal/utils/tools.go:190.36,192.3 1 0
github.com/itszeeshan/subdomainx/internal/utils/tools.go:194.2,197.16 4 0
github.com/itszeeshan/subdomainx/internal/utils/tools.go:197.16,199.3 1 0
github.com/itszeeshan/subdomainx/internal/utils/tools.go:201.2,202.42 2 0
github.com/itszeeshan/subdomainx/internal/utils/tools.go:202.42,205.3 2 0
github.com/itszeeshan/subdomainx/internal/utils/tools.go:208.2,210.36 2 0
github.com/itszeeshan/subdomainx/internal/utils/tools.go:210.36,213.66 2 0
github.com/itszeeshan/subdomainx/internal/utils/tools.go:213.66,215.4 1 0
github.com/itszeeshan/subdomainx/internal/utils/tools.go:215.9,217.4 1 0
github.com/itszeeshan/subdomainx/internal/utils/tools.go:218.3,218.16 1 0
github.com/itszeeshan/subdomainx/internal/utils/tools.go:221.2,223.16 3 0
github.com/itszeeshan/subdomainx/internal/utils/tools.go:223.16,225.3 1 0
github.com/itszeeshan/subdomainx/internal/utils/tools.go:227.2,228.50 2 0
github.com/itszeeshan/subdomainx/internal/utils/tools.go:228.50,230.3 1 0
github.com/itszeeshan/subdomainx/internal/utils/tools.go:232.2,235.12 3 0
github.com/itszeeshan/subdomainx/internal/utils/tools.go:239.43,242.29 2 0
github.com/itszeeshan/subdomainx/internal/utils/tools.go:242.29,244.14 2 0
github.com/itszeeshan/subdomainx/internal/utils/tools.go:244.14,246.12 2 0
github.com/itszeeshan/subdomainx/internal/utils/tools.go:250.3,250.87 1 0
github.com/itszeeshan/subdomainx/internal/utils/tools.go:250.87,252.12 2 0
github.com/itszeeshan/subdomainx/internal/utils/tools.go:255.3,259.32 3 0
github.com/itszeeshan/subdomainx/internal/utils/tools.go:259.32,261.4 1 0
github.com/itszeeshan/subdomainx/internal/utils/tools.go:261.9,263.4 1 0
github.com/itszeeshan/subdomainx/internal/utils/tools.go:265.3,268.35 3 0
github.com/itszeeshan/subdomainx/internal/utils/tools.go:268.35,270.12 2 0
github.com/itszeeshan/subdomainx/internal/utils/tools.go:274.3,274.42 1 0
github.com/itszeeshan/subdomainx/internal/utils/tools.go:274.42,276.4 1 0
github.com/itszeeshan/subdomainx/internal/utils/tools.go:276.9,278.4 1 0
github.com/itszeeshan/subdomainx/internal/utils/tools.go:279.3,279.16 1 0
github.com/itszeeshan/subdomainx/internal/utils/tools.go:282.2,285.12 3 0
github.com/itszeeshan/subdomainx/internal/utils/tools.go:289.26,295.24 4 0
github.com/itszeeshan/subdomainx/internal/utils/tools.go:295.24,297.34 2 0
github.com/itszeeshan/subdomainx/internal/utils/tools.go:297.34,299.4 1 0
github.com/itszeeshan/subdomainx/internal/utils/tools.go:302.2,302.22 1 0
github.com/itszeeshan/subdomainx/internal/utils/tools.go:302.22,304.32 2 0
github.com/itszeeshan/subdomainx/internal/utils/tools.go:304.32,306.4 1 0
github.com/itszeeshan/subdomainx/internal/utils/tools.go:307.3,307.82 1 0
github.com/itszeeshan/subdomainx/internal/utils/tools.go:310.2,310.79 1 0
github.com/itszeeshan/subdomainx/internal/utils/validation.go:13.46,15.35 1 1
github.com/itszeeshan/subdomainx/internal/utils/validation.go:15.35,17.3 1 1
github.com/itszeeshan/subdomainx/internal/utils/validation.go:20.2,20.55 1 1
github.com/itszeeshan/subdomainx/internal/utils/validation.go:20.55,22.3 1 0
github.com/itszeeshan/subdomainx/internal/utils/validation.go:25.2,30.37 2 1
github.com/itszeeshan/subdomainx/internal/utils/validation.go:30.37,32.3 1 1
github.com/itszeeshan/subdomainx/internal/utils/validation.go:35.2,35.22 1 1
github.com/itszeeshan/subdomainx/internal/utils/validation.go:35.22,37.3 1 1
github.com/itszeeshan/subdomainx/internal/utils/validation.go:40.2,40.21 1 1
github.com/itszeeshan/subdomainx/internal/utils/validation.go:40.21,42.3 1 1
github.com/itszeeshan/subdomainx/internal/utils/validation.go:45.2,45.22 1 1
github.com/itszeeshan/subdomainx/internal/utils/validation.go:45.22,47.3 1 1
github.com/itszeeshan/subdomainx/internal/utils/validation.go:50.2,50.24 1 1
github.com/itszeeshan/subdomainx/internal/utils/validation.go:50.24,52.3 1 1
github.com/itszeeshan/subdomainx/internal/utils/validation.go:55.2,55.53 1 1
github.com/itszeeshan/subdomainx/internal/utils/validation.go:55.53,57.3 1 1
github.com/itszeeshan/subdomainx/internal/utils/validation.go:59.2,59.12 1 1
github.com/itszeeshan/subdomainx/internal/utils/validation.go:63.42,64.18 1 1
github.com/itszeeshan/subdomainx/internal/utils/validation.go:64.18,66.3 1 1
github.com/itszeeshan/subdomainx/internal/utils/validation.go:69.2,70.38 2 1
github.com/itszeeshan/subdomainx/internal/utils/validation.go:70.38,72.3 1 1
github.com/itszeeshan/subdomainx/internal/utils/validation.go:75.2,76.20 2 1
github.com/itszeeshan/subdomainx/internal/utils/validation.go:76.20,78.3 1 1
github.com/itszeeshan/subdomainx/internal/utils/validation.go:80.2,80.12 1 1
github.com/itszeeshan/subdomainx/internal/utils/validation.go:84.34,85.28 1 1
github.com/itszeeshan/subdomainx/internal/utils/validation.go:85.28,87.3 1 1
github.com/itszeeshan/subdomainx/internal/utils/validation.go:88.2,88.12 1 1
github.com/itszeeshan/subdomainx/internal/utils/validation.go:92.35,93.30 1 1
github.com/itszeeshan/subdomainx/internal/utils/validation.go:93.30,95.3 1 1
github.com/itszeeshan/subdomainx/internal/utils/validation.go:96.2,96.12 1 1
github.com/itszeeshan/subdomainx/internal/utils/validation.go:100.36,101.15 1 1
github.com/itszeeshan/subdomainx/internal/utils/validation.go:101.15,103.3 1 1
github.com/itszeeshan/subdomainx/internal/utils/validation.go:106.2,106.79 1 1
github.com/itszeeshan/subdomainx/internal/utils/validation.go:106.79,108.3 1 1
github.com/itszeeshan/subdomainx/internal/utils/validation.go:110.2,110.12 1 1
